<?xml version="1.0" encoding="UTF-8"?>
<!-- Generated by org.testng.reporters.JUnitReportReporter -->
<testsuite skipped="0" hostname="DESKTOP-FFG0BLJ" name="test.LoginTest" tests="1" failures="0" timestamp="2022-01-24T15:33:15 CST" time="5.663" errors="0">
  <testcase name="UserShouldBeAbleToLoginPage" time="5.663" classname="test.LoginTest"/>
  <system-out/>
</testsuite> <!-- test.LoginTest -->
