<?xml version="1.0" encoding="UTF-8"?>
<!-- Generated by org.testng.reporters.JUnitReportReporter -->
<testsuite skipped="0" hostname="DESKTOP-FFG0BLJ" name="test.AddCustomerPageTest" tests="1" failures="0" timestamp="2022-01-25T17:47:14 CST" time="12.360" errors="0">
  <testcase name="ValidUserShouldBeAbleToAddCustomer" time="12.360" classname="test.AddCustomerPageTest"/>
  <system-out/>
</testsuite> <!-- test.AddCustomerPageTest -->
